[debug] [2025-03-06T12:53:35.497Z] ----------------------------------------------------------------------
[debug] [2025-03-06T12:53:35.508Z] Command:       C:\Program Files\nodejs\node.exe C:\Users\Administrator\AppData\Roaming\npm\node_modules\firebase-tools\lib\bin\firebase.js init hosting
[debug] [2025-03-06T12:53:35.509Z] CLI Version:   13.32.0
[debug] [2025-03-06T12:53:35.509Z] Platform:      win32
[debug] [2025-03-06T12:53:35.510Z] Node Version:  v22.11.0
[debug] [2025-03-06T12:53:35.511Z] Time:          Thu Mar 06 2025 14:53:35 GMT+0200 (توقيت شرق أوروبا الرسمي)
[debug] [2025-03-06T12:53:35.511Z] ----------------------------------------------------------------------
[debug] 
[debug] [2025-03-06T12:53:36.265Z] > command requires scopes: ["email","openid","https://www.googleapis.com/auth/cloudplatformprojects.readonly","https://www.googleapis.com/auth/firebase","https://www.googleapis.com/auth/cloud-platform"]
[debug] [2025-03-06T12:53:36.266Z] > authorizing via signed-in user (mostafaweb27@gmail.com)
[info] 
     ######## #### ########  ######## ########     ###     ######  ########
     ##        ##  ##     ## ##       ##     ##  ##   ##  ##       ##
     ######    ##  ########  ######   ########  #########  ######  ######
     ##        ##  ##    ##  ##       ##     ## ##     ##       ## ##
     ##       #### ##     ## ######## ########  ##     ##  ######  ########

You're about to initialize a Firebase project in this directory:

  D:\gradpro\ailms

Before we get started, keep in mind:

  * You are initializing within an existing Firebase project directory

[info] 
=== Project Setup
[info] 
[info] First, let's associate this project directory with a Firebase project.
[info] You can create multiple project aliases by running firebase use --add, 
[info] but for now we'll just set up a default project.
[info] 
[debug] [2025-03-06T12:54:02.447Z] Using project from CLI flag: ai-lms-c4e5b
[debug] [2025-03-06T12:54:02.452Z] Checked if tokens are valid: false, expires at: 1741183768903
[debug] [2025-03-06T12:54:02.453Z] Checked if tokens are valid: false, expires at: 1741183768903
[debug] [2025-03-06T12:54:02.455Z] > refreshing access token with scopes: []
[debug] [2025-03-06T12:54:02.496Z] >>> [apiv2][query] POST https://www.googleapis.com/oauth2/v3/token [none]
[debug] [2025-03-06T12:54:02.496Z] >>> [apiv2][body] POST https://www.googleapis.com/oauth2/v3/token [omitted]
[debug] [2025-03-06T12:54:03.283Z] <<< [apiv2][status] POST https://www.googleapis.com/oauth2/v3/token 200
[debug] [2025-03-06T12:54:03.283Z] <<< [apiv2][body] POST https://www.googleapis.com/oauth2/v3/token [omitted]
[debug] [2025-03-06T12:54:03.394Z] >>> [apiv2][query] GET https://firebase.googleapis.com/v1beta1/projects/ai-lms-c4e5b [none]
[debug] [2025-03-06T12:54:03.968Z] <<< [apiv2][status] GET https://firebase.googleapis.com/v1beta1/projects/ai-lms-c4e5b 200
[debug] [2025-03-06T12:54:03.969Z] <<< [apiv2][body] GET https://firebase.googleapis.com/v1beta1/projects/ai-lms-c4e5b {"projectId":"ai-lms-c4e5b","projectNumber":"885280177942","displayName":"Ai-lms","name":"projects/ai-lms-c4e5b","resources":{"hostingSite":"ai-lms-c4e5b"},"state":"ACTIVE","etag":"1_7467fb8b-3109-4c84-9044-714d8734fb67"}
[info] i  Using project ai-lms-c4e5b (Ai-lms) 
[info] 
=== Hosting Setup
[debug] [2025-03-06T12:54:04.053Z] Checked if tokens are valid: true, expires at: 1741269242284
[debug] [2025-03-06T12:54:04.053Z] Checked if tokens are valid: true, expires at: 1741269242284
[debug] [2025-03-06T12:54:04.053Z] >>> [apiv2][query] GET https://firebase.googleapis.com/v1beta1/projects/ai-lms-c4e5b [none]
[debug] [2025-03-06T12:54:04.298Z] <<< [apiv2][status] GET https://firebase.googleapis.com/v1beta1/projects/ai-lms-c4e5b 200
[debug] [2025-03-06T12:54:04.299Z] <<< [apiv2][body] GET https://firebase.googleapis.com/v1beta1/projects/ai-lms-c4e5b {"projectId":"ai-lms-c4e5b","projectNumber":"885280177942","displayName":"Ai-lms","name":"projects/ai-lms-c4e5b","resources":{"hostingSite":"ai-lms-c4e5b"},"state":"ACTIVE","etag":"1_7467fb8b-3109-4c84-9044-714d8734fb67"}
[debug] [2025-03-06T12:54:15.951Z] SyntaxError: Unexpected end of JSON input
    at JSON.parse (<anonymous>)
    at findDependency (C:\Users\Administrator\AppData\Roaming\npm\node_modules\firebase-tools\lib\frameworks\utils.js:190:23)
    at getAstroVersion (C:\Users\Administrator\AppData\Roaming\npm\node_modules\firebase-tools\lib\frameworks\astro\utils.js:39:45)
    at discover (C:\Users\Administrator\AppData\Roaming\npm\node_modules\firebase-tools\lib\frameworks\astro\index.js:17:49)
    at discover (C:\Users\Administrator\AppData\Roaming\npm\node_modules\firebase-tools\lib\frameworks\index.js:47:38)
    at async doSetup (C:\Users\Administrator\AppData\Roaming\npm\node_modules\firebase-tools\lib\init\features\hosting\index.js:54:11)
    at async init (C:\Users\Administrator\AppData\Roaming\npm\node_modules\firebase-tools\lib\init\index.js:41:9)
[error] 
[error] Error: An unexpected error has occurred.
[debug] [2025-03-06T12:54:34.311Z] ----------------------------------------------------------------------
[debug] [2025-03-06T12:54:34.324Z] Command:       C:\Program Files\nodejs\node.exe C:\Users\Administrator\AppData\Roaming\npm\node_modules\firebase-tools\lib\bin\firebase.js init hosting
[debug] [2025-03-06T12:54:34.325Z] CLI Version:   13.32.0
[debug] [2025-03-06T12:54:34.327Z] Platform:      win32
[debug] [2025-03-06T12:54:34.327Z] Node Version:  v22.11.0
[debug] [2025-03-06T12:54:34.328Z] Time:          Thu Mar 06 2025 14:54:34 GMT+0200 (توقيت شرق أوروبا الرسمي)
[debug] [2025-03-06T12:54:34.329Z] ----------------------------------------------------------------------
[debug] 
[debug] [2025-03-06T12:54:35.949Z] > command requires scopes: ["email","openid","https://www.googleapis.com/auth/cloudplatformprojects.readonly","https://www.googleapis.com/auth/firebase","https://www.googleapis.com/auth/cloud-platform"]
[debug] [2025-03-06T12:54:35.950Z] > authorizing via signed-in user (mostafaweb27@gmail.com)
[info] 
     ######## #### ########  ######## ########     ###     ######  ########
     ##        ##  ##     ## ##       ##     ##  ##   ##  ##       ##
     ######    ##  ########  ######   ########  #########  ######  ######
     ##        ##  ##    ##  ##       ##     ## ##     ##       ## ##
     ##       #### ##     ## ######## ########  ##     ##  ######  ########

You're about to initialize a Firebase project in this directory:

  D:\gradpro\ailms

Before we get started, keep in mind:

  * You are initializing within an existing Firebase project directory

[info] 
=== Project Setup
[info] 
[info] First, let's associate this project directory with a Firebase project.
[info] You can create multiple project aliases by running firebase use --add, 
[info] but for now we'll just set up a default project.
[info] 
[debug] [2025-03-06T12:55:09.168Z] Using project from CLI flag: ai-lms-c4e5b
[debug] [2025-03-06T12:55:09.210Z] Checked if tokens are valid: true, expires at: 1741269242284
[debug] [2025-03-06T12:55:09.210Z] Checked if tokens are valid: true, expires at: 1741269242284
[debug] [2025-03-06T12:55:09.215Z] >>> [apiv2][query] GET https://firebase.googleapis.com/v1beta1/projects/ai-lms-c4e5b [none]
[debug] [2025-03-06T12:55:10.011Z] <<< [apiv2][status] GET https://firebase.googleapis.com/v1beta1/projects/ai-lms-c4e5b 200
[debug] [2025-03-06T12:55:10.012Z] <<< [apiv2][body] GET https://firebase.googleapis.com/v1beta1/projects/ai-lms-c4e5b {"projectId":"ai-lms-c4e5b","projectNumber":"885280177942","displayName":"Ai-lms","name":"projects/ai-lms-c4e5b","resources":{"hostingSite":"ai-lms-c4e5b"},"state":"ACTIVE","etag":"1_7467fb8b-3109-4c84-9044-714d8734fb67"}
[info] i  Using project ai-lms-c4e5b (Ai-lms) 
[info] 
=== Hosting Setup
[debug] [2025-03-06T12:55:10.099Z] Checked if tokens are valid: true, expires at: 1741269242284
[debug] [2025-03-06T12:55:10.099Z] Checked if tokens are valid: true, expires at: 1741269242284
[debug] [2025-03-06T12:55:10.100Z] >>> [apiv2][query] GET https://firebase.googleapis.com/v1beta1/projects/ai-lms-c4e5b [none]
[debug] [2025-03-06T12:55:10.379Z] <<< [apiv2][status] GET https://firebase.googleapis.com/v1beta1/projects/ai-lms-c4e5b 200
[debug] [2025-03-06T12:55:10.379Z] <<< [apiv2][body] GET https://firebase.googleapis.com/v1beta1/projects/ai-lms-c4e5b {"projectId":"ai-lms-c4e5b","projectNumber":"885280177942","displayName":"Ai-lms","name":"projects/ai-lms-c4e5b","resources":{"hostingSite":"ai-lms-c4e5b"},"state":"ACTIVE","etag":"1_7467fb8b-3109-4c84-9044-714d8734fb67"}
[debug] [2025-03-06T12:57:34.670Z] Error: Command failed: npx --yes -p @angular/cli@"16 - 19" ng new ai-lms-c4e5b --directory dist/ailms --skip-git
    at genericNodeError (node:internal/errors:983:15)
    at wrappedFn (node:internal/errors:537:14)
    at checkExecSyncError (node:child_process:888:11)
    at execSync (node:child_process:960:15)
    at Object.init (C:\Users\Administrator\AppData\Roaming\npm\node_modules\firebase-tools\lib\frameworks\angular\index.js:29:34)
    at doSetup (C:\Users\Administrator\AppData\Roaming\npm\node_modules\firebase-tools\lib\init\features\hosting\index.js:120:76)
    at process.processTicksAndRejections (node:internal/process/task_queues:105:5)
    at async init (C:\Users\Administrator\AppData\Roaming\npm\node_modules\firebase-tools\lib\init\index.js:41:9)
[error] 
[error] Error: An unexpected error has occurred.
[debug] [2025-03-06T12:58:04.325Z] ----------------------------------------------------------------------
[debug] [2025-03-06T12:58:04.335Z] Command:       C:\Program Files\nodejs\node.exe C:\Users\Administrator\AppData\Roaming\npm\node_modules\firebase-tools\lib\bin\firebase.js init
[debug] [2025-03-06T12:58:04.337Z] CLI Version:   13.32.0
[debug] [2025-03-06T12:58:04.337Z] Platform:      win32
[debug] [2025-03-06T12:58:04.338Z] Node Version:  v22.11.0
[debug] [2025-03-06T12:58:04.339Z] Time:          Thu Mar 06 2025 14:58:04 GMT+0200 (توقيت شرق أوروبا الرسمي)
[debug] [2025-03-06T12:58:04.339Z] ----------------------------------------------------------------------
[debug] 
[debug] [2025-03-06T12:58:05.106Z] > command requires scopes: ["email","openid","https://www.googleapis.com/auth/cloudplatformprojects.readonly","https://www.googleapis.com/auth/firebase","https://www.googleapis.com/auth/cloud-platform"]
[debug] [2025-03-06T12:58:05.108Z] > authorizing via signed-in user (mostafaweb27@gmail.com)
[info] 
     ######## #### ########  ######## ########     ###     ######  ########
     ##        ##  ##     ## ##       ##     ##  ##   ##  ##       ##
     ######    ##  ########  ######   ########  #########  ######  ######
     ##        ##  ##    ##  ##       ##     ## ##     ##       ## ##
     ##       #### ##     ## ######## ########  ##     ##  ######  ########

You're about to initialize a Firebase project in this directory:

  D:\gradpro\ailms

Before we get started, keep in mind:

  * You are initializing within an existing Firebase project directory

[info] 
=== Project Setup
[info] 
[info] First, let's associate this project directory with a Firebase project.
[info] You can create multiple project aliases by running firebase use --add, 
[info] but for now we'll just set up a default project.
[info] 
[debug] [2025-03-06T12:58:17.851Z] Using project from CLI flag: ai-lms-c4e5b
[debug] [2025-03-06T12:58:17.914Z] Checked if tokens are valid: true, expires at: 1741269242284
[debug] [2025-03-06T12:58:17.915Z] Checked if tokens are valid: true, expires at: 1741269242284
[debug] [2025-03-06T12:58:17.920Z] >>> [apiv2][query] GET https://firebase.googleapis.com/v1beta1/projects/ai-lms-c4e5b [none]
[debug] [2025-03-06T12:58:18.654Z] <<< [apiv2][status] GET https://firebase.googleapis.com/v1beta1/projects/ai-lms-c4e5b 200
[debug] [2025-03-06T12:58:18.655Z] <<< [apiv2][body] GET https://firebase.googleapis.com/v1beta1/projects/ai-lms-c4e5b {"projectId":"ai-lms-c4e5b","projectNumber":"885280177942","displayName":"Ai-lms","name":"projects/ai-lms-c4e5b","resources":{"hostingSite":"ai-lms-c4e5b"},"state":"ACTIVE","etag":"1_7467fb8b-3109-4c84-9044-714d8734fb67"}
[info] i  Using project ai-lms-c4e5b (Ai-lms) 
[info] 
=== Hosting Setup
[debug] [2025-03-06T12:58:18.766Z] Checked if tokens are valid: true, expires at: 1741269242284
[debug] [2025-03-06T12:58:18.766Z] Checked if tokens are valid: true, expires at: 1741269242284
[debug] [2025-03-06T12:58:18.817Z] >>> [apiv2][query] GET https://firebase.googleapis.com/v1beta1/projects/ai-lms-c4e5b [none]
[debug] [2025-03-06T12:58:19.097Z] <<< [apiv2][status] GET https://firebase.googleapis.com/v1beta1/projects/ai-lms-c4e5b 200
[debug] [2025-03-06T12:58:19.098Z] <<< [apiv2][body] GET https://firebase.googleapis.com/v1beta1/projects/ai-lms-c4e5b {"projectId":"ai-lms-c4e5b","projectNumber":"885280177942","displayName":"Ai-lms","name":"projects/ai-lms-c4e5b","resources":{"hostingSite":"ai-lms-c4e5b"},"state":"ACTIVE","etag":"1_7467fb8b-3109-4c84-9044-714d8734fb67"}
[debug] [2025-03-06T12:59:40.270Z] Error: Command failed: npx --yes -p @angular/cli@"16 - 19" ng new ai-lms-c4e5b --directory dist/ailms --skip-git
    at genericNodeError (node:internal/errors:983:15)
    at wrappedFn (node:internal/errors:537:14)
    at checkExecSyncError (node:child_process:888:11)
    at execSync (node:child_process:960:15)
    at Object.init (C:\Users\Administrator\AppData\Roaming\npm\node_modules\firebase-tools\lib\frameworks\angular\index.js:29:34)
    at doSetup (C:\Users\Administrator\AppData\Roaming\npm\node_modules\firebase-tools\lib\init\features\hosting\index.js:120:76)
    at process.processTicksAndRejections (node:internal/process/task_queues:105:5)
    at async init (C:\Users\Administrator\AppData\Roaming\npm\node_modules\firebase-tools\lib\init\index.js:41:9)
[error] 
[error] Error: An unexpected error has occurred.
